# Logfile created on 2011-01-05 23:42:59 +0100

Processing InfoController#index (for 127.0.0.1 at 2011-01-05 23:43:13) [GET]
  Parameters: {"controller"=>"info", "action"=>"index"}
Rendering info/index
Completed in 51ms (View: 49, DB: 0) | 200 OK [http://localhost/]


Processing ApplicationController#index (for 127.0.0.1 at 2011-01-05 23:43:16) [GET]

ActionController::RoutingError (No route matches "/images/favicon.ico" with {:method=>:get}):
  <internal:prelude>:8:in `synchronize'
  /usr/local/lib/ruby/1.9.1/webrick/httpserver.rb:111:in `service'
  /usr/local/lib/ruby/1.9.1/webrick/httpserver.rb:70:in `run'
  /usr/local/lib/ruby/1.9.1/webrick/server.rb:183:in `block in start_thread'

Rendering rescues/layout (not_found)


Processing InfoController#index (for 127.0.0.1 at 2011-01-05 23:44:36) [GET]
  Parameters: {"controller"=>"info", "action"=>"index"}
Rendering info/index
Completed in 13ms (View: 11, DB: 0) | 200 OK [http://localhost/]


Processing InfoController#index (for 127.0.0.1 at 2011-01-05 23:45:06) [GET]
  Parameters: {"controller"=>"info", "action"=>"index"}
Rendering info/index
Completed in 13ms (View: 11, DB: 0) | 200 OK [http://localhost/]


Processing ApplicationController#index (for 127.0.0.1 at 2011-01-05 23:45:06) [GET]

ActionController::RoutingError (No route matches "/images/favicon.ico" with {:method=>:get}):
  <internal:prelude>:8:in `synchronize'
  /usr/local/lib/ruby/1.9.1/webrick/httpserver.rb:111:in `service'
  /usr/local/lib/ruby/1.9.1/webrick/httpserver.rb:70:in `run'
  /usr/local/lib/ruby/1.9.1/webrick/server.rb:183:in `block in start_thread'

Rendering rescues/layout (not_found)


Processing InfoController#index (for 127.0.0.1 at 2011-01-05 23:45:35) [GET]
  Parameters: {"controller"=>"info", "action"=>"index"}
Rendering info/index
Completed in 14ms (View: 12, DB: 0) | 200 OK [http://localhost/]


Processing ApplicationController#index (for 127.0.0.1 at 2011-01-05 23:45:35) [GET]

ActionController::RoutingError (No route matches "/images/favicon.ico" with {:method=>:get}):
  <internal:prelude>:8:in `synchronize'
  /usr/local/lib/ruby/1.9.1/webrick/httpserver.rb:111:in `service'
  /usr/local/lib/ruby/1.9.1/webrick/httpserver.rb:70:in `run'
  /usr/local/lib/ruby/1.9.1/webrick/server.rb:183:in `block in start_thread'

Rendering rescues/layout (not_found)
